<?xml version="1.0" encoding="UTF-8"?>
<!-- Generated by org.testng.reporters.JUnitReportReporter -->
<testsuite hostname="ChandraLalli" failures="0" tests="1" name="com.hrms.testscript.TC_001" time="6.967" errors="0" timestamp="5 Mar 2024 11:15:59 GMT">
  <testcase classname="com.hrms.testscript.TC_001" name="tc001" time="6.967"/>
</testsuite> <!-- com.hrms.testscript.TC_001 -->
